<?xml version="1.0" encoding="UTF-8"?>
<testsuite xmlns:xsi="http://www.w3.org/2001/XMLSchema-instance" xsi:noNamespaceSchemaLocation="https://maven.apache.org/surefire/maven-surefire-plugin/xsd/surefire-test-report.xsd" version="3.0.2" name="com.acme.gateway.ftp.CommonsNetFtpGatewayTest" time="0.524" tests="4" errors="0" skipped="0" failures="0" flakes="0">
  <properties>
[...]
</properties>
  <testcase name="delete_serverDown_isRetryableNetwork" classname="com.acme.gateway.ftp.CommonsNetFtpGatewayTest" time="0.141">
    <system-out><![CDATA[15:00:05.750 [Thread-1] INFO org.mockftpserver.fake.FakeFtpServer -- Starting the server on port 0
15:00:05.776 [Thread-1] INFO org.mockftpserver.fake.FakeFtpServer -- Actual server port is 50718
15:00:05.781 [Thread-1] INFO org.mockftpserver.fake.FakeFtpServer -- Server stopped.
]]></system-out>
  </testcase>
  <testcase name="delete_missingFile_isIdempotentSuccess" classname="com.acme.gateway.ftp.CommonsNetFtpGatewayTest" time="0.145">
    <system-out><![CDATA[15:00:05.843 [Thread-2] INFO org.mockftpserver.fake.FakeFtpServer -- Starting the server on port 0
15:00:05.843 [Thread-2] INFO org.mockftpserver.fake.FakeFtpServer -- Actual server port is 50720
15:00:05.847 [Thread-2] INFO org.mockftpserver.fake.FakeFtpServer -- Connection accepted from host /127.0.0.1
15:00:05.847 [Thread-3] INFO org.mockftpserver.core.command.ConnectCommandHandler -- Sending reply [220 Service ready for new user. (MockFtpServer 3.2.0; see http://mockftpserver.org)]
15:00:05.875 [Thread-3] INFO org.mockftpserver.core.session.DefaultSession -- Received command: [USER gw]
15:00:05.876 [Thread-3] INFO org.mockftpserver.fake.command.UserCommandHandler -- Sending reply [331 User name okay, need password.]
15:00:05.908 [Thread-3] INFO org.mockftpserver.core.session.DefaultSession -- Received command: [PASS secret]
15:00:05.908 [Thread-3] INFO org.mockftpserver.fake.command.PassCommandHandler -- Sending reply [230 User logged in, proceed.]
15:00:05.939 [Thread-3] INFO org.mockftpserver.core.session.DefaultSession -- Received command: [DELE /signatures/ghost.p7s]
15:00:05.939 [Thread-3] WARN org.mockftpserver.fake.command.DeleCommandHandler -- Error handling command: Command[DELE:[/signatures/ghost.p7s]]; org.mockftpserver.fake.filesystem.FileSystemException: FileSystemException[message=/signatures/ghost.p7s; messageKey=filesystem.isNotAFile]
org.mockftpserver.fake.filesystem.FileSystemException: FileSystemException[message=/signatures/ghost.p7s; messageKey=filesystem.isNotAFile]
	at org.mockftpserver.fake.command.AbstractFakeCommandHandler.verifyFileSystemCondition(AbstractFakeCommandHandler.java:263)
	at org.mockftpserver.fake.command.DeleCommandHandler.handle(DeleCommandHandler.java:42)
	at org.mockftpserver.fake.command.AbstractFakeCommandHandler.handleCommand(AbstractFakeCommandHandler.java:75)
	at org.mockftpserver.core.session.DefaultSession.readAndProcessCommand(DefaultSession.java:436)
	at org.mockftpserver.core.session.DefaultSession.run(DefaultSession.java:399)
	at java.base/java.lang.Thread.run(Thread.java:1583)
15:00:05.939 [Thread-3] INFO org.mockftpserver.fake.command.DeleCommandHandler -- Sending reply [550 [/signatures/ghost.p7s] is not a file or does not exist.] args=[/signatures/ghost.p7s]
15:00:05.939 [main] INFO com.acme.gateway.ftp.CommonsNetFtpGateway -- FTP delete idempotent-success (550 not found) path=/signatures/ghost.p7s
15:00:05.971 [Thread-3] INFO org.mockftpserver.core.session.DefaultSession -- Received command: [QUIT]
15:00:05.971 [Thread-3] INFO org.mockftpserver.fake.command.QuitCommandHandler -- Sending reply [221 Service closing control connection.]
15:00:05.973 [Thread-2] INFO org.mockftpserver.fake.FakeFtpServer -- Server stopped.
]]></system-out>
  </testcase>
  <testcase name="delete_existingFile" classname="com.acme.gateway.ftp.CommonsNetFtpGatewayTest" time="0.135">
    <system-out><![CDATA[15:00:05.978 [Thread-4] INFO org.mockftpserver.fake.FakeFtpServer -- Starting the server on port 0
15:00:05.978 [Thread-4] INFO org.mockftpserver.fake.FakeFtpServer -- Actual server port is 50722
15:00:05.980 [Thread-4] INFO org.mockftpserver.fake.FakeFtpServer -- Connection accepted from host /127.0.0.1
15:00:05.981 [Thread-5] INFO org.mockftpserver.core.command.ConnectCommandHandler -- Sending reply [220 Service ready for new user. (MockFtpServer 3.2.0; see http://mockftpserver.org)]
15:00:06.011 [Thread-5] INFO org.mockftpserver.core.session.DefaultSession -- Received command: [USER gw]
15:00:06.012 [Thread-5] INFO org.mockftpserver.fake.command.UserCommandHandler -- Sending reply [331 User name okay, need password.]
15:00:06.044 [Thread-5] INFO org.mockftpserver.core.session.DefaultSession -- Received command: [PASS secret]
15:00:06.044 [Thread-5] INFO org.mockftpserver.fake.command.PassCommandHandler -- Sending reply [230 User logged in, proceed.]
15:00:06.076 [Thread-5] INFO org.mockftpserver.core.session.DefaultSession -- Received command: [DELE /signatures/acct-42/sig.p7s]
15:00:06.076 [Thread-5] INFO org.mockftpserver.fake.command.DeleCommandHandler -- Sending reply [250 "/signatures/acct-42/sig.p7s" deleted.] args=[/signatures/acct-42/sig.p7s]
15:00:06.076 [main] INFO com.acme.gateway.ftp.CommonsNetFtpGateway -- FTP delete OK path=/signatures/acct-42/sig.p7s reply=250
15:00:06.108 [Thread-5] INFO org.mockftpserver.core.session.DefaultSession -- Received command: [QUIT]
15:00:06.108 [Thread-5] INFO org.mockftpserver.fake.command.QuitCommandHandler -- Sending reply [221 Service closing control connection.]
15:00:06.108 [Thread-4] INFO org.mockftpserver.fake.FakeFtpServer -- Server stopped.
]]></system-out>
  </testcase>
  <testcase name="delete_badCredentials_isPermanent" classname="com.acme.gateway.ftp.CommonsNetFtpGatewayTest" time="0.098">
    <system-out><![CDATA[15:00:06.115 [Thread-6] INFO org.mockftpserver.fake.FakeFtpServer -- Starting the server on port 0
15:00:06.115 [Thread-6] INFO org.mockftpserver.fake.FakeFtpServer -- Actual server port is 50724
15:00:06.115 [Thread-6] INFO org.mockftpserver.fake.FakeFtpServer -- Connection accepted from host /127.0.0.1
15:00:06.115 [Thread-7] INFO org.mockftpserver.core.command.ConnectCommandHandler -- Sending reply [220 Service ready for new user. (MockFtpServer 3.2.0; see http://mockftpserver.org)]
15:00:06.140 [Thread-7] INFO org.mockftpserver.core.session.DefaultSession -- Received command: [USER gw]
15:00:06.140 [Thread-7] INFO org.mockftpserver.fake.command.UserCommandHandler -- Sending reply [331 User name okay, need password.]
15:00:06.172 [Thread-7] INFO org.mockftpserver.core.session.DefaultSession -- Received command: [PASS wrong-password]
15:00:06.172 [Thread-7] INFO org.mockftpserver.fake.command.PassCommandHandler -- Sending reply [530 Not logged in.]
15:00:06.204 [Thread-7] INFO org.mockftpserver.core.session.DefaultSession -- Received command: [QUIT]
15:00:06.204 [Thread-7] INFO org.mockftpserver.fake.command.QuitCommandHandler -- Sending reply [221 Service closing control connection.]
15:00:06.204 [Thread-6] INFO org.mockftpserver.fake.FakeFtpServer -- Server stopped.
]]></system-out>
  </testcase>
</testsuite>